<?xml version="1.0" encoding="UTF-8"?>
<testsuite xmlns:xsi="http://www.w3.org/2001/XMLSchema-instance" xsi:noNamespaceSchemaLocation="https://maven.apache.org/surefire/maven-failsafe-plugin/xsd/failsafe-test-report-3.0.xsd" version="3.0" name="CucumberTestSuite" time="37.789" tests="1" errors="0" skipped="0" failures="0">
  <properties>
[...]
</properties>
  <testcase name="ui and api testing scenario for Search with known keyword" classname="e2e test for search functionality." time="32.321">
    <system-out><![CDATA[21:55:16.295 [main] DEBUG n.t.c.u.PropertiesFileLocalPreferences - webdriver.autodownload=true
21:55:16.299 [main] DEBUG n.t.c.u.PropertiesFileLocalPreferences - serenity.logging=VERBOSE
21:55:16.299 [main] DEBUG n.t.c.u.PropertiesFileLocalPreferences - headless.mode=false
21:55:16.300 [main] DEBUG n.t.c.u.PropertiesFileLocalPreferences - webdriver.driver=chrome
21:55:16.300 [main] DEBUG n.t.c.u.PropertiesFileLocalPreferences - chrome.switches=--start-maximized;--test-type;--no-sandbox;--ignore-certificate-errors;\r\n                   --disable-popup-blocking;--disable-default-apps;--disable-extensions-file-access-check;\r\n                   --incognito;--disable-infobars,--disable-gpu
21:55:16.300 [main] DEBUG n.t.c.u.PropertiesFileLocalPreferences - serenity.take.screenshots=AFTER_EACH_STEP
21:55:16.300 [main] DEBUG n.t.c.u.PropertiesFileLocalPreferences - environments.default.api.base.endpoint=http://automationpractice.com/
21:55:16.300 [main] DEBUG n.t.c.u.PropertiesFileLocalPreferences - serenity.browser.maximized=true
21:55:17.088 [main] DEBUG i.c.core.plugin.SerenityReporter - Running feature from file:///C:/Users/kemal/OneDrive/Belgeler/GitHub/writing-steps-to-console-kemalkagankural/src/test/resources/features/e2e_searchscenarios.feature
21:55:17.323 [main] DEBUG n.t.c.u.PropertiesFileLocalPreferences - webdriver.autodownload=true
21:55:17.324 [main] DEBUG n.t.c.u.PropertiesFileLocalPreferences - serenity.logging=VERBOSE
21:55:17.324 [main] DEBUG n.t.c.u.PropertiesFileLocalPreferences - headless.mode=false
21:55:17.324 [main] DEBUG n.t.c.u.PropertiesFileLocalPreferences - webdriver.driver=chrome
21:55:17.324 [main] DEBUG n.t.c.u.PropertiesFileLocalPreferences - chrome.switches=--start-maximized;--test-type;--no-sandbox;--ignore-certificate-errors;\r\n                   --disable-popup-blocking;--disable-default-apps;--disable-extensions-file-access-check;\r\n                   --incognito;--disable-infobars,--disable-gpu
21:55:17.324 [main] DEBUG n.t.c.u.PropertiesFileLocalPreferences - serenity.take.screenshots=AFTER_EACH_STEP
21:55:17.324 [main] DEBUG n.t.c.u.PropertiesFileLocalPreferences - environments.default.api.base.endpoint=http://automationpractice.com/
21:55:17.324 [main] DEBUG n.t.c.u.PropertiesFileLocalPreferences - serenity.browser.maximized=true
21:55:17.334 [main] INFO   - 

-------------------------------------------------------------------------------------
     _______. _______ .______       _______ .__   __.  __  .___________.____    ____ 
    /       ||   ____||   _  \     |   ____||  \ |  | |  | |           |\   \  /   / 
   |   (----`|  |__   |  |_)  |    |  |__   |   \|  | |  | `---|  |----` \   \/   /  
    \   \    |   __|  |      /     |   __|  |  . `  | |  |     |  |       \_    _/   
.----)   |   |  |____ |  |\  \----.|  |____ |  |\   | |  |     |  |         |  |     
|_______/    |_______|| _| `._____||_______||__| \__| |__|     |__|         |__|    
                                                                                     
 News and tutorials at http://www.serenity-bdd.info                                  
 Documentation at https://wakaleo.gitbooks.io/the-serenity-book/content/             
 Join the Serenity Community on Gitter: https://gitter.im/serenity-bdd/serenity-core 
 Serenity BDD Support and Training at http://serenity-bdd.info/#/trainingandsupport  
-------------------------------------------------------------------------------------

21:55:17.341 [main] DEBUG n.thucydides.core.steps.StepEventBus - Test suite started for story net.thucydides.core.model.Story@21fdc47e
21:55:17.344 [main] INFO   - Test Suite Started: e2e test for search functionality.

@KaanDoumgunucocugu
Scenario: ui and api testing scenario for Search with known keyword &amp#27;[90m# src/test/resources/features/e2e_searchscenarios.feature:5&amp#27;[0m
21:55:17.955 [main] DEBUG i.c.core.plugin.SerenityReporter - Running feature from file:///C:/Users/kemal/OneDrive/Belgeler/GitHub/writing-steps-to-console-kemalkagankural/src/test/resources/features/e2e_searchscenarios.feature
21:55:18.089 [main] INFO   - 
  _____   ___   ___   _____     ___   _____     _     ___   _____   ___   ___  
 |_   _| | __| / __| |_   _|   / __| |_   _|   /_\   | _ \ |_   _| | __| |   \ 
   | |   | _|  \__ \   | |     \__ \   | |    / _ \  |   /   | |   | _|  | |) |
   |_|   |___| |___/   |_|     |___/   |_|   /_/ \_\ |_|_\   |_|   |___| |___/ 

ui and api testing scenario for Search with known keyword(e2e-test-for-search-functionality.;ui-and-api-testing-scenario-for-search-with-known-keyword)
--------------------------------------------------------------------------------
21:55:18.183 [main] DEBUG n.t.c.r.m.cucumber.CucumberParser - Added feature e2e test for search functionality.
21:55:18.941 [main] DEBUG n.t.core.steps.StepInterceptor - STARTING STEP: SearchStepDefinitions.iOpenBrowserAndGoToTheMainPage - !#title
21:55:18.972 [main] DEBUG n.t.core.steps.StepInterceptor - STARTING STEP: SearchStepDefinitions.iOpenBrowserAndGoToTheMainPage - {0} opens the #targetPageName
21:55:19.028 [main] INFO  n.s.c.w.d.ChromeDriverProvider - Using automatically driver download
21:55:20.533 [main] DEBUG i.g.b.wdm.cache.ResolutionCache - Resolution chrome=96 in cache (valid until 22:11:15 24/12/2021 TRT)
21:55:20.534 [main] DEBUG i.g.b.wdm.cache.ResolutionCache - Resolution chrome96=96.0.4664.45 in cache (valid until 21:11:15 25/12/2021 TRT)
21:55:20.536 [main] INFO  i.g.bonigarcia.wdm.WebDriverManager - Using chromedriver 96.0.4664.45 (resolved driver for Chrome 96)
21:55:20.542 [main] DEBUG i.g.bonigarcia.wdm.WebDriverManager - Driver chromedriver 96.0.4664.45 found in cache
21:55:20.543 [main] INFO  i.g.bonigarcia.wdm.WebDriverManager - Exporting webdriver.chrome.driver as C:\Users\kemal\.cache\selenium\chromedriver\win32\96.0.4664.45\chromedriver.exe
21:55:20.884 [main] DEBUG n.s.c.w.d.ProvideNewDriver - Instantiating driver
21:55:20.888 [main] DEBUG n.s.c.w.d.ProvideNewDriver - Driver capabilities: Capabilities {acceptInsecureCerts: false, autodownload: true, base.url: , browserName: chrome, driver: chrome, goog:chromeOptions: {args: [], extensions: []}, loggingPrefs: org.openqa.selenium.logging...}
21:55:20.999 [main] DEBUG i.n.u.i.l.InternalLoggerFactory - Using SLF4J as the default logging framework
21:55:21.004 [main] DEBUG io.netty.util.ResourceLeakDetector - -Dio.netty.leakDetection.level: sımple
21:55:21.005 [main] DEBUG io.netty.util.ResourceLeakDetector - -Dio.netty.leakDetection.targetRecords: 4
21:55:21.013 [main] DEBUG i.n.util.ResourceLeakDetectorFactory - Loaded default ResourceLeakDetector: io.netty.util.ResourceLeakDetector@710afd47
21:55:21.042 [main] DEBUG i.n.util.internal.PlatformDependent0 - -Dio.netty.noUnsafe: false
21:55:21.042 [main] DEBUG i.n.util.internal.PlatformDependent0 - Java version: 11
21:55:21.043 [main] DEBUG i.n.util.internal.PlatformDependent0 - sun.misc.Unsafe.theUnsafe: available
21:55:21.044 [main] DEBUG i.n.util.internal.PlatformDependent0 - sun.misc.Unsafe.copyMemory: available
21:55:21.044 [main] DEBUG i.n.util.internal.PlatformDependent0 - java.nio.Buffer.address: available
21:55:21.045 [main] DEBUG i.n.util.internal.PlatformDependent0 - direct buffer constructor: unavailable: Reflective setAccessible(true) disabled
21:55:21.046 [main] DEBUG i.n.util.internal.PlatformDependent0 - java.nio.Bits.unaligned: available, true
21:55:21.047 [main] DEBUG i.n.util.internal.PlatformDependent0 - jdk.internal.misc.Unsafe.allocateUninitializedArray(int): unavailable: class io.netty.util.internal.PlatformDependent0$6 cannot access class jdk.internal.misc.Unsafe (in module java.base) because module java.base does not export jdk.internal.misc to unnamed module @1f651cd8
21:55:21.048 [main] DEBUG i.n.util.internal.PlatformDependent0 - java.nio.DirectByteBuffer.<init>(long, int): unavailable
21:55:21.049 [main] DEBUG i.n.util.internal.PlatformDependent - sun.misc.Unsafe: available
21:55:21.051 [main] DEBUG i.n.util.internal.PlatformDependent - maxDirectMemory: 3185573888 bytes (maybe)
21:55:21.051 [main] DEBUG i.n.util.internal.PlatformDependent - -Dio.netty.tmpdir: C:\Users\kemal\AppData\Local\Temp (java.io.tmpdir)
21:55:21.051 [main] DEBUG i.n.util.internal.PlatformDependent - -Dio.netty.bitMode: 64 (sun.arch.data.model)
21:55:21.051 [main] DEBUG i.n.util.internal.PlatformDependent - Platform: Windows
21:55:21.052 [main] DEBUG i.n.util.internal.PlatformDependent - -Dio.netty.maxDirectMemory: -1 bytes
21:55:21.052 [main] DEBUG i.n.util.internal.PlatformDependent - -Dio.netty.uninitializedArrayAllocationThreshold: -1
21:55:21.054 [main] DEBUG io.netty.util.internal.CleanerJava9 - java.nio.ByteBuffer.cleaner(): available
21:55:21.054 [main] DEBUG i.n.util.internal.PlatformDependent - -Dio.netty.noPreferDirect: false
21:55:21.065 [main] DEBUG i.n.util.internal.PlatformDependent - org.jctools-core.MpscChunkedArrayQueue: available
21:55:21.090 [main] DEBUG i.n.u.i.InternalThreadLocalMap - -Dio.netty.threadLocalMap.stringBuilder.initialSize: 1024
21:55:21.090 [main] DEBUG i.n.u.i.InternalThreadLocalMap - -Dio.netty.threadLocalMap.stringBuilder.maxSize: 4096
21:55:21.127 [main] DEBUG io.netty.handler.ssl.JdkSslContext - Default protocols (JDK): [TLSv1.3, TLSv1.2, TLSv1.1, TLSv1] 
21:55:21.127 [main] DEBUG io.netty.handler.ssl.JdkSslContext - Default cipher suites (JDK): [TLS_ECDHE_ECDSA_WITH_AES_256_GCM_SHA384, TLS_ECDHE_ECDSA_WITH_AES_128_GCM_SHA256, TLS_ECDHE_RSA_WITH_AES_128_GCM_SHA256, TLS_ECDHE_RSA_WITH_AES_256_GCM_SHA384, TLS_ECDHE_RSA_WITH_AES_128_CBC_SHA, TLS_ECDHE_RSA_WITH_AES_256_CBC_SHA, TLS_RSA_WITH_AES_128_GCM_SHA256, TLS_RSA_WITH_AES_128_CBC_SHA, TLS_RSA_WITH_AES_256_CBC_SHA, TLS_AES_128_GCM_SHA256, TLS_AES_256_GCM_SHA384]
21:55:21.175 [main] DEBUG i.n.c.MultithreadEventLoopGroup - -Dio.netty.eventLoopThreads: 24
21:55:21.189 [main] DEBUG io.netty.channel.nio.NioEventLoop - -Dio.netty.noKeySetOptimization: false
21:55:21.189 [main] DEBUG io.netty.channel.nio.NioEventLoop - -Dio.netty.selectorAutoRebuildThreshold: 512
21:55:21.251 [main] DEBUG i.n.buffer.PooledByteBufAllocator - -Dio.netty.allocator.numHeapArenas: 24
21:55:21.251 [main] DEBUG i.n.buffer.PooledByteBufAllocator - -Dio.netty.allocator.numDirectArenas: 24
21:55:21.251 [main] DEBUG i.n.buffer.PooledByteBufAllocator - -Dio.netty.allocator.pageSize: 8192
21:55:21.251 [main] DEBUG i.n.buffer.PooledByteBufAllocator - -Dio.netty.allocator.maxOrder: 11
21:55:21.251 [main] DEBUG i.n.buffer.PooledByteBufAllocator - -Dio.netty.allocator.chunkSize: 16777216
21:55:21.251 [main] DEBUG i.n.buffer.PooledByteBufAllocator - -Dio.netty.allocator.smallCacheSize: 256
21:55:21.251 [main] DEBUG i.n.buffer.PooledByteBufAllocator - -Dio.netty.allocator.normalCacheSize: 64
21:55:21.251 [main] DEBUG i.n.buffer.PooledByteBufAllocator - -Dio.netty.allocator.maxCachedBufferCapacity: 32768
21:55:21.251 [main] DEBUG i.n.buffer.PooledByteBufAllocator - -Dio.netty.allocator.cacheTrimInterval: 8192
21:55:21.251 [main] DEBUG i.n.buffer.PooledByteBufAllocator - -Dio.netty.allocator.cacheTrimIntervalMillis: 0
21:55:21.251 [main] DEBUG i.n.buffer.PooledByteBufAllocator - -Dio.netty.allocator.useCacheForAllThreads: true
21:55:21.252 [main] DEBUG i.n.buffer.PooledByteBufAllocator - -Dio.netty.allocator.maxCachedByteBuffersPerChunk: 1023
21:55:21.271 [main] DEBUG io.netty.buffer.ByteBufUtil - -Dio.netty.allocator.type: pooled
21:55:21.272 [main] DEBUG io.netty.buffer.ByteBufUtil - -Dio.netty.threadLocalDirectBufferSize: 0
21:55:21.272 [main] DEBUG io.netty.buffer.ByteBufUtil - -Dio.netty.maxThreadLocalCharBufferSize: 16384
21:55:22.185 [Forwarding newSession on session null to remote] DEBUG io.netty.channel.DefaultChannelId - -Dio.netty.processId: 9256 (auto-detected)
21:55:22.188 [Forwarding newSession on session null to remote] DEBUG io.netty.util.NetUtil - -Djava.net.preferIPv4Stack: false
21:55:22.189 [Forwarding newSession on session null to remote] DEBUG io.netty.util.NetUtil - -Djava.net.preferIPv6Addresses: false
21:55:22.424 [Forwarding newSession on session null to remote] DEBUG io.netty.util.NetUtilInitializations - Loopback interface: lo (Software Loopback Interface 1, 127.0.0.1)
21:55:22.426 [Forwarding newSession on session null to remote] DEBUG io.netty.util.NetUtil - Failed to get SOMAXCONN from sysctl and file \proc\sys\net\core\somaxconn. Default: 200
21:55:22.671 [Forwarding newSession on session null to remote] DEBUG io.netty.channel.DefaultChannelId - -Dio.netty.machineId: 98:af:65:ff:fe:95:38:19 (auto-detected)
21:55:22.747 [AsyncHttpClient-1-2] DEBUG io.netty.buffer.AbstractByteBuf - -Dio.netty.buffer.checkAccessible: true
21:55:22.749 [AsyncHttpClient-1-2] DEBUG io.netty.buffer.AbstractByteBuf - -Dio.netty.buffer.checkBounds: true
21:55:22.749 [AsyncHttpClient-1-2] DEBUG i.n.util.ResourceLeakDetectorFactory - Loaded default ResourceLeakDetector: io.netty.util.ResourceLeakDetector@3f10e792
21:55:22.777 [AsyncHttpClient-1-2] DEBUG o.a.n.channel.NettyConnectListener - Using new Channel '[id: 0xd446da2a, L:/127.0.0.1:64938 - R:localhost/127.0.0.1:53330]' for 'POST' to '/session'
21:55:22.797 [AsyncHttpClient-1-2] DEBUG io.netty.util.Recycler - -Dio.netty.recycler.maxCapacityPerThread: 4096
21:55:22.797 [AsyncHttpClient-1-2] DEBUG io.netty.util.Recycler - -Dio.netty.recycler.maxSharedCapacityFactor: 2
21:55:22.797 [AsyncHttpClient-1-2] DEBUG io.netty.util.Recycler - -Dio.netty.recycler.linkCapacity: 16
21:55:22.797 [AsyncHttpClient-1-2] DEBUG io.netty.util.Recycler - -Dio.netty.recycler.ratio: 8
21:55:22.797 [AsyncHttpClient-1-2] DEBUG io.netty.util.Recycler - -Dio.netty.recycler.delayedQueue.ratio: 8
21:55:23.714 [AsyncHttpClient-1-2] DEBUG i.n.handler.codec.compression.Brotli - brotli4j not in the classpath; Brotli support will be unavailable.
21:55:23.717 [AsyncHttpClient-1-2] DEBUG o.a.netty.handler.HttpHandler - 

Request DefaultHttpRequest(decodeResult: success, version: HTTP/1.1)
POST /session HTTP/1.1
User-Agent: selenium/4.0.0 (java windows)
Content-Length: 578
Content-Type: application/json; charset=utf-8
host: localhost:53330
accept: */*

Response DefaultHttpResponse(decodeResult: success, version: HTTP/1.1)
HTTP/1.1 200 OK
Content-Type: application/json; charset=utf-8
cache-control: no-cache
content-length: 789

21:55:23.726 [AsyncHttpClient-1-2] DEBUG o.a.netty.channel.ChannelManager - Adding key: http://localhost:53330 for channel [id: 0xd446da2a, L:/127.0.0.1:64938 - R:localhost/127.0.0.1:53330]
21:55:23.822 [AsyncHttpClient-1-3] DEBUG o.a.n.channel.NettyConnectListener - Using new Channel '[id: 0x92a02560, L:/127.0.0.1:64946 - R:localhost/127.0.0.1:64939]' for 'GET' to '/json/version'
21:55:23.828 [AsyncHttpClient-1-3] DEBUG o.a.netty.handler.HttpHandler - 

Request DefaultFullHttpRequest(decodeResult: success, version: HTTP/1.1, content: EmptyByteBufBE)
GET /json/version HTTP/1.1
User-Agent: selenium/4.0.0 (java windows)
host: localhost:64939
accept: */*

Response DefaultHttpResponse(decodeResult: success, version: HTTP/1.1)
HTTP/1.1 200 OK
Content-Type: application/json; charset=UTF-8
content-length: 426

21:55:23.829 [AsyncHttpClient-1-3] DEBUG o.a.netty.channel.ChannelManager - Adding key: http://localhost:64939 for channel [id: 0x92a02560, L:/127.0.0.1:64946 - R:localhost/127.0.0.1:64939]
21:55:23.837 [main] DEBUG i.n.util.internal.ThreadLocalRandom - -Dio.netty.initialSeedUniquifier: 0x45000f823e103e75
21:55:23.844 [AsyncHttpClient-1-4] DEBUG o.a.n.channel.NettyConnectListener - Using new Channel '[id: 0xcc8cf28e, L:/127.0.0.1:64947 - R:localhost/127.0.0.1:64939]' for 'GET' to '/devtools/browser/e0d6f327-cf55-4041-8ad5-331c886f9f18'
21:55:23.850 [AsyncHttpClient-1-4] DEBUG o.a.netty.handler.WebSocketHandler - 

Request DefaultFullHttpRequest(decodeResult: success, version: HTTP/1.1, content: EmptyByteBufBE)
GET /devtools/browser/e0d6f327-cf55-4041-8ad5-331c886f9f18 HTTP/1.1
upgrade: websocket
connection: upgrade
sec-websocket-key: Z0c21xBntapczaoITCEjlQ==
sec-websocket-version: 13
origin: http://localhost:64939
host: localhost:64939
accept: */*
user-agent: AHC/2.1

Response DefaultHttpResponse(decodeResult: success, version: HTTP/1.1)
HTTP/1.1 101 WebSocket Protocol Handshake
Upgrade: WebSocket
Connection: Upgrade
Sec-WebSocket-Accept: 2VTBolEB6uTqTnohY8yLP5iXH04=

21:55:24.028 [Forwarding get on session 81d73997ffa149049593d49b22ad6f2f to remote] DEBUG o.a.netty.request.NettyRequestSender - Using pooled Channel '[id: 0xd446da2a, L:/127.0.0.1:64938 - R:localhost/127.0.0.1:53330]' for 'POST' to 'http://localhost:53330/session/81d73997ffa149049593d49b22ad6f2f/url'
21:55:24.029 [Forwarding get on session 81d73997ffa149049593d49b22ad6f2f to remote] DEBUG o.a.netty.request.NettyRequestSender - Using open Channel [id: 0xd446da2a, L:/127.0.0.1:64938 - R:localhost/127.0.0.1:53330] for POST '/session/81d73997ffa149049593d49b22ad6f2f/url'
21:55:24.372 [AsyncHttpClient-1-1] DEBUG o.a.netty.channel.DefaultChannelPool - Entry count for : http://localhost:64939 : 1
21:55:25.472 [AsyncHttpClient-1-1] DEBUG o.a.netty.channel.DefaultChannelPool - Entry count for : http://localhost:64939 : 1
21:55:26.572 [AsyncHttpClient-1-1] DEBUG o.a.netty.channel.DefaultChannelPool - Entry count for : http://localhost:64939 : 1
21:55:27.676 [AsyncHttpClient-1-1] DEBUG o.a.netty.channel.DefaultChannelPool - Entry count for : http://localhost:64939 : 1
21:55:28.772 [AsyncHttpClient-1-1] DEBUG o.a.netty.channel.DefaultChannelPool - Entry count for : http://localhost:64939 : 1
21:55:29.872 [AsyncHttpClient-1-1] DEBUG o.a.netty.channel.DefaultChannelPool - Entry count for : http://localhost:64939 : 1
21:55:30.972 [AsyncHttpClient-1-1] DEBUG o.a.netty.channel.DefaultChannelPool - Entry count for : http://localhost:64939 : 1
21:55:32.075 [AsyncHttpClient-1-1] DEBUG o.a.netty.channel.DefaultChannelPool - Entry count for : http://localhost:64939 : 1
21:55:33.174 [AsyncHttpClient-1-1] DEBUG o.a.netty.channel.DefaultChannelPool - Entry count for : http://localhost:64939 : 1
21:55:34.272 [AsyncHttpClient-1-1] DEBUG o.a.netty.channel.DefaultChannelPool - Entry count for : http://localhost:64939 : 1
21:55:35.374 [AsyncHttpClient-1-1] DEBUG o.a.netty.channel.DefaultChannelPool - Entry count for : http://localhost:64939 : 1
21:55:35.663 [AsyncHttpClient-1-2] DEBUG o.a.netty.handler.HttpHandler - 

Request DefaultHttpRequest(decodeResult: success, version: HTTP/1.1)
POST /session/81d73997ffa149049593d49b22ad6f2f/url HTTP/1.1
User-Agent: selenium/4.0.0 (java windows)
Content-Length: 69
Content-Type: application/json; charset=utf-8
host: localhost:53330
accept: */*

Response DefaultHttpResponse(decodeResult: success, version: HTTP/1.1)
HTTP/1.1 200 OK
Content-Type: application/json; charset=utf-8
cache-control: no-cache
content-length: 14

21:55:35.663 [AsyncHttpClient-1-2] DEBUG o.a.netty.channel.ChannelManager - Adding key: http://localhost:53330 for channel [id: 0xd446da2a, L:/127.0.0.1:64938 - R:localhost/127.0.0.1:53330]
21:55:35.672 [Forwarding setTimeout on session 81d73997ffa149049593d49b22ad6f2f to remote] DEBUG o.a.netty.request.NettyRequestSender - Using pooled Channel '[id: 0xd446da2a, L:/127.0.0.1:64938 - R:localhost/127.0.0.1:53330]' for 'POST' to 'http://localhost:53330/session/81d73997ffa149049593d49b22ad6f2f/timeouts'
21:55:35.672 [Forwarding setTimeout on session 81d73997ffa149049593d49b22ad6f2f to remote] DEBUG o.a.netty.request.NettyRequestSender - Using open Channel [id: 0xd446da2a, L:/127.0.0.1:64938 - R:localhost/127.0.0.1:53330] for POST '/session/81d73997ffa149049593d49b22ad6f2f/timeouts'
21:55:35.676 [AsyncHttpClient-1-2] DEBUG o.a.netty.handler.HttpHandler - 

Request DefaultHttpRequest(decodeResult: success, version: HTTP/1.1)
POST /session/81d73997ffa149049593d49b22ad6f2f/timeouts HTTP/1.1
User-Agent: selenium/4.0.0 (java windows)
Content-Length: 22
Content-Type: application/json; charset=utf-8
host: localhost:53330
accept: */*

Response DefaultHttpResponse(decodeResult: success, version: HTTP/1.1)
HTTP/1.1 200 OK
Content-Type: application/json; charset=utf-8
cache-control: no-cache
content-length: 14

21:55:35.677 [AsyncHttpClient-1-2] DEBUG o.a.netty.channel.ChannelManager - Adding key: http://localhost:53330 for channel [id: 0xd446da2a, L:/127.0.0.1:64938 - R:localhost/127.0.0.1:53330]
21:55:35.685 [Forwarding getCurrentUrl on session 81d73997ffa149049593d49b22ad6f2f to remote] DEBUG o.a.netty.request.NettyRequestSender - Using pooled Channel '[id: 0xd446da2a, L:/127.0.0.1:64938 - R:localhost/127.0.0.1:53330]' for 'GET' to 'http://localhost:53330/session/81d73997ffa149049593d49b22ad6f2f/url'
21:55:35.686 [Forwarding getCurrentUrl on session 81d73997ffa149049593d49b22ad6f2f to remote] DEBUG o.a.netty.request.NettyRequestSender - Using open Channel [id: 0xd446da2a, L:/127.0.0.1:64938 - R:localhost/127.0.0.1:53330] for GET '/session/81d73997ffa149049593d49b22ad6f2f/url'
21:55:35.696 [AsyncHttpClient-1-2] DEBUG o.a.netty.handler.HttpHandler - 

Request DefaultFullHttpRequest(decodeResult: success, version: HTTP/1.1, content: EmptyByteBufBE)
GET /session/81d73997ffa149049593d49b22ad6f2f/url HTTP/1.1
User-Agent: selenium/4.0.0 (java windows)
Cache-Control: no-cache
Content-Type: application/json; charset=utf-8
host: localhost:53330
accept: */*

Response DefaultHttpResponse(decodeResult: success, version: HTTP/1.1)
HTTP/1.1 200 OK
Content-Type: application/json; charset=utf-8
cache-control: no-cache
content-length: 51

21:55:35.697 [AsyncHttpClient-1-2] DEBUG o.a.netty.channel.ChannelManager - Adding key: http://localhost:53330 for channel [id: 0xd446da2a, L:/127.0.0.1:64938 - R:localhost/127.0.0.1:53330]
21:55:35.701 [Forwarding getCurrentUrl on session 81d73997ffa149049593d49b22ad6f2f to remote] DEBUG o.a.netty.request.NettyRequestSender - Using pooled Channel '[id: 0xd446da2a, L:/127.0.0.1:64938 - R:localhost/127.0.0.1:53330]' for 'GET' to 'http://localhost:53330/session/81d73997ffa149049593d49b22ad6f2f/url'
21:55:35.702 [Forwarding getCurrentUrl on session 81d73997ffa149049593d49b22ad6f2f to remote] DEBUG o.a.netty.request.NettyRequestSender - Using open Channel [id: 0xd446da2a, L:/127.0.0.1:64938 - R:localhost/127.0.0.1:53330] for GET '/session/81d73997ffa149049593d49b22ad6f2f/url'
21:55:35.706 [AsyncHttpClient-1-2] DEBUG o.a.netty.handler.HttpHandler - 

Request DefaultFullHttpRequest(decodeResult: success, version: HTTP/1.1, content: EmptyByteBufBE)
GET /session/81d73997ffa149049593d49b22ad6f2f/url HTTP/1.1
User-Agent: selenium/4.0.0 (java windows)
Cache-Control: no-cache
Content-Type: application/json; charset=utf-8
host: localhost:53330
accept: */*

Response DefaultHttpResponse(decodeResult: success, version: HTTP/1.1)
HTTP/1.1 200 OK
Content-Type: application/json; charset=utf-8
cache-control: no-cache
content-length: 51

21:55:35.707 [AsyncHttpClient-1-2] DEBUG o.a.netty.channel.ChannelManager - Adding key: http://localhost:53330 for channel [id: 0xd446da2a, L:/127.0.0.1:64938 - R:localhost/127.0.0.1:53330]
21:55:35.741 [main] DEBUG n.s.core.photography.Darkroom - Opening darkroom
21:55:35.742 [Darkroom Processing Line] DEBUG n.s.c.p.DarkroomProcessingLine - Darkroom processing line starting up
21:55:35.744 [Forwarding screenshot on session 81d73997ffa149049593d49b22ad6f2f to remote] DEBUG o.a.netty.request.NettyRequestSender - Using pooled Channel '[id: 0xd446da2a, L:/127.0.0.1:64938 - R:localhost/127.0.0.1:53330]' for 'GET' to 'http://localhost:53330/session/81d73997ffa149049593d49b22ad6f2f/screenshot'
21:55:35.744 [Forwarding screenshot on session 81d73997ffa149049593d49b22ad6f2f to remote] DEBUG o.a.netty.request.NettyRequestSender - Using open Channel [id: 0xd446da2a, L:/127.0.0.1:64938 - R:localhost/127.0.0.1:53330] for GET '/session/81d73997ffa149049593d49b22ad6f2f/screenshot'
21:55:36.291 [AsyncHttpClient-1-2] DEBUG o.a.netty.handler.HttpHandler - 

Request DefaultFullHttpRequest(decodeResult: success, version: HTTP/1.1, content: EmptyByteBufBE)
GET /session/81d73997ffa149049593d49b22ad6f2f/screenshot HTTP/1.1
User-Agent: selenium/4.0.0 (java windows)
Cache-Control: no-cache
Content-Type: application/json; charset=utf-8
host: localhost:53330
accept: */*

Response DefaultHttpResponse(decodeResult: success, version: HTTP/1.1)
HTTP/1.1 200 OK
Content-Type: application/json; charset=utf-8
cache-control: no-cache
content-length: 1093716

21:55:36.300 [AsyncHttpClient-1-2] DEBUG o.a.netty.channel.ChannelManager - Adding key: http://localhost:53330 for channel [id: 0xd446da2a, L:/127.0.0.1:64938 - R:localhost/127.0.0.1:53330]
21:55:36.473 [AsyncHttpClient-1-1] DEBUG o.a.netty.channel.DefaultChannelPool - Entry count for : http://localhost:53330 : 1
21:55:36.473 [AsyncHttpClient-1-1] DEBUG o.a.netty.channel.DefaultChannelPool - Entry count for : http://localhost:64939 : 1
21:55:36.475 [main] DEBUG n.s.core.photography.Darkroom - Send negative for processing for target\site\serenity\62ddba54e7af4e0a4b9324e905be37dce726477ba99fd9624e79eafebf0ced36.png
21:55:36.475 [Darkroom Processing Line] DEBUG n.s.c.p.DarkroomProcessingLine - Processing screenshot image in /var/screenshots/screenshot-770620594450745535
21:55:36.475 [Darkroom Processing Line] DEBUG n.s.c.p.DarkroomProcessingLine - Saving screenshot to target\site\serenity\62ddba54e7af4e0a4b9324e905be37dce726477ba99fd9624e79eafebf0ced36.png
21:55:36.478 [main] DEBUG n.t.core.steps.StepInterceptor - STEP DONE: {0} opens the #targetPageName
21:55:36.491 [main] DEBUG n.t.core.steps.StepInterceptor - STEP DONE: !#title
  &amp#27;[32mGiven &amp#27;[0m&amp#27;[32mI open browser and go to the main page&amp#27;[0m                      &amp#27;[90m# stepdefinitions.SearchStepDefinitions.iOpenBrowserAndGoToTheMainPage()&amp#27;[0m
21:55:36.553 [Forwarding screenshot on session 81d73997ffa149049593d49b22ad6f2f to remote] DEBUG o.a.netty.request.NettyRequestSender - Using pooled Channel '[id: 0xd446da2a, L:/127.0.0.1:64938 - R:localhost/127.0.0.1:53330]' for 'GET' to 'http://localhost:53330/session/81d73997ffa149049593d49b22ad6f2f/screenshot'
21:55:36.553 [Forwarding screenshot on session 81d73997ffa149049593d49b22ad6f2f to remote] DEBUG o.a.netty.request.NettyRequestSender - Using open Channel [id: 0xd446da2a, L:/127.0.0.1:64938 - R:localhost/127.0.0.1:53330] for GET '/session/81d73997ffa149049593d49b22ad6f2f/screenshot'
21:55:37.103 [AsyncHttpClient-1-2] DEBUG o.a.netty.handler.HttpHandler - 

Request DefaultFullHttpRequest(decodeResult: success, version: HTTP/1.1, content: EmptyByteBufBE)
GET /session/81d73997ffa149049593d49b22ad6f2f/screenshot HTTP/1.1
User-Agent: selenium/4.0.0 (java windows)
Cache-Control: no-cache
Content-Type: application/json; charset=utf-8
host: localhost:53330
accept: */*

Response DefaultHttpResponse(decodeResult: success, version: HTTP/1.1)
HTTP/1.1 200 OK
Content-Type: application/json; charset=utf-8
cache-control: no-cache
content-length: 1093716

21:55:37.110 [AsyncHttpClient-1-2] DEBUG o.a.netty.channel.ChannelManager - Adding key: http://localhost:53330 for channel [id: 0xd446da2a, L:/127.0.0.1:64938 - R:localhost/127.0.0.1:53330]
21:55:37.158 [main] DEBUG n.s.core.photography.Darkroom - Send negative for processing for target\site\serenity\62ddba54e7af4e0a4b9324e905be37dce726477ba99fd9624e79eafebf0ced36.png
21:55:37.160 [main] DEBUG n.t.core.steps.StepInterceptor - STARTING STEP: SearchStepDefinitions.iSearchWithInTheHomePage - !#title
21:55:37.174 [main] DEBUG n.t.core.steps.StepInterceptor - STARTING STEP: SearchStepDefinitions.iSearchWithInTheHomePage - {0} clicks on #target
21:55:37.176 [main] DEBUG n.s.s.targets.IFrameSwitcher - default content already selected for Search box input
21:55:37.193 [Forwarding findElement on session 81d73997ffa149049593d49b22ad6f2f to remote] DEBUG o.a.netty.request.NettyRequestSender - Using pooled Channel '[id: 0xd446da2a, L:/127.0.0.1:64938 - R:localhost/127.0.0.1:53330]' for 'POST' to 'http://localhost:53330/session/81d73997ffa149049593d49b22ad6f2f/element'
21:55:37.193 [Forwarding findElement on session 81d73997ffa149049593d49b22ad6f2f to remote] DEBUG o.a.netty.request.NettyRequestSender - Using open Channel [id: 0xd446da2a, L:/127.0.0.1:64938 - R:localhost/127.0.0.1:53330] for POST '/session/81d73997ffa149049593d49b22ad6f2f/element'
21:55:37.211 [AsyncHttpClient-1-2] DEBUG o.a.netty.handler.HttpHandler - 

Request DefaultHttpRequest(decodeResult: success, version: HTTP/1.1)
POST /session/81d73997ffa149049593d49b22ad6f2f/element HTTP/1.1
User-Agent: selenium/4.0.0 (java windows)
Content-Length: 61
Content-Type: application/json; charset=utf-8
host: localhost:53330
accept: */*

Response DefaultHttpResponse(decodeResult: success, version: HTTP/1.1)
HTTP/1.1 200 OK
Content-Type: application/json; charset=utf-8
cache-control: no-cache
content-length: 88

21:55:37.211 [AsyncHttpClient-1-2] DEBUG o.a.netty.channel.ChannelManager - Adding key: http://localhost:53330 for channel [id: 0xd446da2a, L:/127.0.0.1:64938 - R:localhost/127.0.0.1:53330]
21:55:37.228 [Forwarding isElementDisplayed on session 81d73997ffa149049593d49b22ad6f2f to remote] DEBUG o.a.netty.request.NettyRequestSender - Using pooled Channel '[id: 0xd446da2a, L:/127.0.0.1:64938 - R:localhost/127.0.0.1:53330]' for 'POST' to 'http://localhost:53330/session/81d73997ffa149049593d49b22ad6f2f/execute/sync'
21:55:37.229 [Forwarding isElementDisplayed on session 81d73997ffa149049593d49b22ad6f2f to remote] DEBUG o.a.netty.request.NettyRequestSender - Using open Channel [id: 0xd446da2a, L:/127.0.0.1:64938 - R:localhost/127.0.0.1:53330] for POST '/session/81d73997ffa149049593d49b22ad6f2f/execute/sync'
21:55:37.249 [AsyncHttpClient-1-2] DEBUG o.a.netty.handler.HttpHandler - 

Request DefaultHttpRequest(decodeResult: success, version: HTTP/1.1)
POST /session/81d73997ffa149049593d49b22ad6f2f/execute/sync HTTP/1.1
User-Agent: selenium/4.0.0 (java windows)
Content-Length: 48780
Content-Type: application/json; charset=utf-8
host: localhost:53330
accept: */*

Response DefaultHttpResponse(decodeResult: success, version: HTTP/1.1)
HTTP/1.1 200 OK
Content-Type: application/json; charset=utf-8
cache-control: no-cache
content-length: 14

21:55:37.250 [AsyncHttpClient-1-2] DEBUG o.a.netty.channel.ChannelManager - Adding key: http://localhost:53330 for channel [id: 0xd446da2a, L:/127.0.0.1:64938 - R:localhost/127.0.0.1:53330]
21:55:37.257 [Forwarding findElement on session 81d73997ffa149049593d49b22ad6f2f to remote] DEBUG o.a.netty.request.NettyRequestSender - Using pooled Channel '[id: 0xd446da2a, L:/127.0.0.1:64938 - R:localhost/127.0.0.1:53330]' for 'POST' to 'http://localhost:53330/session/81d73997ffa149049593d49b22ad6f2f/element'
21:55:37.257 [Forwarding findElement on session 81d73997ffa149049593d49b22ad6f2f to remote] DEBUG o.a.netty.request.NettyRequestSender - Using open Channel [id: 0xd446da2a, L:/127.0.0.1:64938 - R:localhost/127.0.0.1:53330] for POST '/session/81d73997ffa149049593d49b22ad6f2f/element'
21:55:37.266 [AsyncHttpClient-1-2] DEBUG o.a.netty.handler.HttpHandler - 

Request DefaultHttpRequest(decodeResult: success, version: HTTP/1.1)
POST /session/81d73997ffa149049593d49b22ad6f2f/element HTTP/1.1
User-Agent: selenium/4.0.0 (java windows)
Content-Length: 61
Content-Type: application/json; charset=utf-8
host: localhost:53330
accept: */*

Response DefaultHttpResponse(decodeResult: success, version: HTTP/1.1)
HTTP/1.1 200 OK
Content-Type: application/json; charset=utf-8
cache-control: no-cache
content-length: 88

21:55:37.266 [AsyncHttpClient-1-2] DEBUG o.a.netty.channel.ChannelManager - Adding key: http://localhost:53330 for channel [id: 0xd446da2a, L:/127.0.0.1:64938 - R:localhost/127.0.0.1:53330]
21:55:37.270 [Forwarding clickElement on session 81d73997ffa149049593d49b22ad6f2f to remote] DEBUG o.a.netty.request.NettyRequestSender - Using pooled Channel '[id: 0xd446da2a, L:/127.0.0.1:64938 - R:localhost/127.0.0.1:53330]' for 'POST' to 'http://localhost:53330/session/81d73997ffa149049593d49b22ad6f2f/element/49353d98-0211-4552-9911-770617388b41/click'
21:55:37.270 [Forwarding clickElement on session 81d73997ffa149049593d49b22ad6f2f to remote] DEBUG o.a.netty.request.NettyRequestSender - Using open Channel [id: 0xd446da2a, L:/127.0.0.1:64938 - R:localhost/127.0.0.1:53330] for POST '/session/81d73997ffa149049593d49b22ad6f2f/element/49353d98-0211-4552-9911-770617388b41/click'
21:55:37.355 [AsyncHttpClient-1-2] DEBUG o.a.netty.handler.HttpHandler - 

Request DefaultHttpRequest(decodeResult: success, version: HTTP/1.1)
POST /session/81d73997ffa149049593d49b22ad6f2f/element/49353d98-0211-4552-9911-770617388b41/click HTTP/1.1
User-Agent: selenium/4.0.0 (java windows)
Content-Length: 50
Content-Type: application/json; charset=utf-8
host: localhost:53330
accept: */*

Response DefaultHttpResponse(decodeResult: success, version: HTTP/1.1)
HTTP/1.1 200 OK
Content-Type: application/json; charset=utf-8
cache-control: no-cache
content-length: 14

21:55:37.356 [AsyncHttpClient-1-2] DEBUG o.a.netty.channel.ChannelManager - Adding key: http://localhost:53330 for channel [id: 0xd446da2a, L:/127.0.0.1:64938 - R:localhost/127.0.0.1:53330]
21:55:37.386 [Forwarding screenshot on session 81d73997ffa149049593d49b22ad6f2f to remote] DEBUG o.a.netty.request.NettyRequestSender - Using pooled Channel '[id: 0xd446da2a, L:/127.0.0.1:64938 - R:localhost/127.0.0.1:53330]' for 'GET' to 'http://localhost:53330/session/81d73997ffa149049593d49b22ad6f2f/screenshot'
21:55:37.387 [Forwarding screenshot on session 81d73997ffa149049593d49b22ad6f2f to remote] DEBUG o.a.netty.request.NettyRequestSender - Using open Channel [id: 0xd446da2a, L:/127.0.0.1:64938 - R:localhost/127.0.0.1:53330] for GET '/session/81d73997ffa149049593d49b22ad6f2f/screenshot'
21:55:37.575 [AsyncHttpClient-1-1] DEBUG o.a.netty.channel.DefaultChannelPool - Entry count for : http://localhost:64939 : 1
21:55:38.114 [AsyncHttpClient-1-2] DEBUG o.a.netty.handler.HttpHandler - 

Request DefaultFullHttpRequest(decodeResult: success, version: HTTP/1.1, content: EmptyByteBufBE)
GET /session/81d73997ffa149049593d49b22ad6f2f/screenshot HTTP/1.1
User-Agent: selenium/4.0.0 (java windows)
Cache-Control: no-cache
Content-Type: application/json; charset=utf-8
host: localhost:53330
accept: */*

Response DefaultHttpResponse(decodeResult: success, version: HTTP/1.1)
HTTP/1.1 200 OK
Content-Type: application/json; charset=utf-8
cache-control: no-cache
content-length: 1096704

21:55:38.120 [AsyncHttpClient-1-2] DEBUG o.a.netty.channel.ChannelManager - Adding key: http://localhost:53330 for channel [id: 0xd446da2a, L:/127.0.0.1:64938 - R:localhost/127.0.0.1:53330]
21:55:38.188 [main] DEBUG n.s.core.photography.Darkroom - Send negative for processing for target\site\serenity\0fd80640010ae135ad7028bfa0db02bea8a9f0c715ff92782f081aaa36da9ea8.png
21:55:38.189 [Darkroom Processing Line] DEBUG n.s.c.p.DarkroomProcessingLine - Processing screenshot image in /var/screenshots/screenshot-1533227177671059986
21:55:38.190 [main] DEBUG n.t.core.steps.StepInterceptor - STEP DONE: {0} clicks on #target
21:55:38.190 [Darkroom Processing Line] DEBUG n.s.c.p.DarkroomProcessingLine - Saving screenshot to target\site\serenity\0fd80640010ae135ad7028bfa0db02bea8a9f0c715ff92782f081aaa36da9ea8.png
21:55:38.206 [main] DEBUG n.t.core.steps.StepInterceptor - STARTING STEP: SearchStepDefinitions.iSearchWithInTheHomePage - {0} enters #theTextAsAString into #target
21:55:38.208 [main] DEBUG n.s.s.targets.IFrameSwitcher - default content already selected for Search box input
21:55:38.211 [Forwarding findElement on session 81d73997ffa149049593d49b22ad6f2f to remote] DEBUG o.a.netty.request.NettyRequestSender - Using pooled Channel '[id: 0xd446da2a, L:/127.0.0.1:64938 - R:localhost/127.0.0.1:53330]' for 'POST' to 'http://localhost:53330/session/81d73997ffa149049593d49b22ad6f2f/element'
21:55:38.211 [Forwarding findElement on session 81d73997ffa149049593d49b22ad6f2f to remote] DEBUG o.a.netty.request.NettyRequestSender - Using open Channel [id: 0xd446da2a, L:/127.0.0.1:64938 - R:localhost/127.0.0.1:53330] for POST '/session/81d73997ffa149049593d49b22ad6f2f/element'
21:55:38.220 [AsyncHttpClient-1-2] DEBUG o.a.netty.handler.HttpHandler - 

Request DefaultHttpRequest(decodeResult: success, version: HTTP/1.1)
POST /session/81d73997ffa149049593d49b22ad6f2f/element HTTP/1.1
User-Agent: selenium/4.0.0 (java windows)
Content-Length: 61
Content-Type: application/json; charset=utf-8
host: localhost:53330
accept: */*

Response DefaultHttpResponse(decodeResult: success, version: HTTP/1.1)
HTTP/1.1 200 OK
Content-Type: application/json; charset=utf-8
cache-control: no-cache
content-length: 88

21:55:38.220 [AsyncHttpClient-1-2] DEBUG o.a.netty.channel.ChannelManager - Adding key: http://localhost:53330 for channel [id: 0xd446da2a, L:/127.0.0.1:64938 - R:localhost/127.0.0.1:53330]
21:55:38.227 [Forwarding sendKeysToElement on session 81d73997ffa149049593d49b22ad6f2f to remote] DEBUG o.a.netty.request.NettyRequestSender - Using pooled Channel '[id: 0xd446da2a, L:/127.0.0.1:64938 - R:localhost/127.0.0.1:53330]' for 'POST' to 'http://localhost:53330/session/81d73997ffa149049593d49b22ad6f2f/element/49353d98-0211-4552-9911-770617388b41/value'
21:55:38.227 [Forwarding sendKeysToElement on session 81d73997ffa149049593d49b22ad6f2f to remote] DEBUG o.a.netty.request.NettyRequestSender - Using open Channel [id: 0xd446da2a, L:/127.0.0.1:64938 - R:localhost/127.0.0.1:53330] for POST '/session/81d73997ffa149049593d49b22ad6f2f/element/49353d98-0211-4552-9911-770617388b41/value'
21:55:38.260 [AsyncHttpClient-1-2] DEBUG o.a.netty.handler.HttpHandler - 

Request DefaultHttpRequest(decodeResult: success, version: HTTP/1.1)
POST /session/81d73997ffa149049593d49b22ad6f2f/element/49353d98-0211-4552-9911-770617388b41/value HTTP/1.1
User-Agent: selenium/4.0.0 (java windows)
Content-Length: 121
Content-Type: application/json; charset=utf-8
host: localhost:53330
accept: */*

Response DefaultHttpResponse(decodeResult: success, version: HTTP/1.1)
HTTP/1.1 200 OK
Content-Type: application/json; charset=utf-8
cache-control: no-cache
content-length: 14

21:55:38.260 [AsyncHttpClient-1-2] DEBUG o.a.netty.channel.ChannelManager - Adding key: http://localhost:53330 for channel [id: 0xd446da2a, L:/127.0.0.1:64938 - R:localhost/127.0.0.1:53330]
21:55:38.262 [main] DEBUG n.s.s.targets.IFrameSwitcher - default content already selected for Search box input
21:55:38.265 [Forwarding findElement on session 81d73997ffa149049593d49b22ad6f2f to remote] DEBUG o.a.netty.request.NettyRequestSender - Using pooled Channel '[id: 0xd446da2a, L:/127.0.0.1:64938 - R:localhost/127.0.0.1:53330]' for 'POST' to 'http://localhost:53330/session/81d73997ffa149049593d49b22ad6f2f/element'
21:55:38.265 [Forwarding findElement on session 81d73997ffa149049593d49b22ad6f2f to remote] DEBUG o.a.netty.request.NettyRequestSender - Using open Channel [id: 0xd446da2a, L:/127.0.0.1:64938 - R:localhost/127.0.0.1:53330] for POST '/session/81d73997ffa149049593d49b22ad6f2f/element'
21:55:38.274 [AsyncHttpClient-1-2] DEBUG o.a.netty.handler.HttpHandler - 

Request DefaultHttpRequest(decodeResult: success, version: HTTP/1.1)
POST /session/81d73997ffa149049593d49b22ad6f2f/element HTTP/1.1
User-Agent: selenium/4.0.0 (java windows)
Content-Length: 61
Content-Type: application/json; charset=utf-8
host: localhost:53330
accept: */*

Response DefaultHttpResponse(decodeResult: success, version: HTTP/1.1)
HTTP/1.1 200 OK
Content-Type: application/json; charset=utf-8
cache-control: no-cache
content-length: 88

21:55:38.274 [AsyncHttpClient-1-2] DEBUG o.a.netty.channel.ChannelManager - Adding key: http://localhost:53330 for channel [id: 0xd446da2a, L:/127.0.0.1:64938 - R:localhost/127.0.0.1:53330]
21:55:38.278 [Forwarding sendKeysToElement on session 81d73997ffa149049593d49b22ad6f2f to remote] DEBUG o.a.netty.request.NettyRequestSender - Using pooled Channel '[id: 0xd446da2a, L:/127.0.0.1:64938 - R:localhost/127.0.0.1:53330]' for 'POST' to 'http://localhost:53330/session/81d73997ffa149049593d49b22ad6f2f/element/49353d98-0211-4552-9911-770617388b41/value'
21:55:38.278 [Forwarding sendKeysToElement on session 81d73997ffa149049593d49b22ad6f2f to remote] DEBUG o.a.netty.request.NettyRequestSender - Using open Channel [id: 0xd446da2a, L:/127.0.0.1:64938 - R:localhost/127.0.0.1:53330] for POST '/session/81d73997ffa149049593d49b22ad6f2f/element/49353d98-0211-4552-9911-770617388b41/value'
21:55:38.673 [AsyncHttpClient-1-1] DEBUG o.a.netty.channel.DefaultChannelPool - Entry count for : http://localhost:64939 : 1
21:55:39.777 [AsyncHttpClient-1-1] DEBUG o.a.netty.channel.DefaultChannelPool - Entry count for : http://localhost:64939 : 1
21:55:40.872 [AsyncHttpClient-1-1] DEBUG o.a.netty.channel.DefaultChannelPool - Entry count for : http://localhost:64939 : 1
21:55:41.658 [AsyncHttpClient-1-2] DEBUG o.a.netty.handler.HttpHandler - 

Request DefaultHttpRequest(decodeResult: success, version: HTTP/1.1)
POST /session/81d73997ffa149049593d49b22ad6f2f/element/49353d98-0211-4552-9911-770617388b41/value HTTP/1.1
User-Agent: selenium/4.0.0 (java windows)
Content-Length: 95
Content-Type: application/json; charset=utf-8
host: localhost:53330
accept: */*

Response DefaultHttpResponse(decodeResult: success, version: HTTP/1.1)
HTTP/1.1 200 OK
Content-Type: application/json; charset=utf-8
cache-control: no-cache
content-length: 14

21:55:41.658 [AsyncHttpClient-1-2] DEBUG o.a.netty.channel.ChannelManager - Adding key: http://localhost:53330 for channel [id: 0xd446da2a, L:/127.0.0.1:64938 - R:localhost/127.0.0.1:53330]
21:55:41.669 [Forwarding screenshot on session 81d73997ffa149049593d49b22ad6f2f to remote] DEBUG o.a.netty.request.NettyRequestSender - Using pooled Channel '[id: 0xd446da2a, L:/127.0.0.1:64938 - R:localhost/127.0.0.1:53330]' for 'GET' to 'http://localhost:53330/session/81d73997ffa149049593d49b22ad6f2f/screenshot'
21:55:41.669 [Forwarding screenshot on session 81d73997ffa149049593d49b22ad6f2f to remote] DEBUG o.a.netty.request.NettyRequestSender - Using open Channel [id: 0xd446da2a, L:/127.0.0.1:64938 - R:localhost/127.0.0.1:53330] for GET '/session/81d73997ffa149049593d49b22ad6f2f/screenshot'
21:55:41.831 [AsyncHttpClient-1-2] DEBUG o.a.netty.handler.HttpHandler - 

Request DefaultFullHttpRequest(decodeResult: success, version: HTTP/1.1, content: EmptyByteBufBE)
GET /session/81d73997ffa149049593d49b22ad6f2f/screenshot HTTP/1.1
User-Agent: selenium/4.0.0 (java windows)
Cache-Control: no-cache
Content-Type: application/json; charset=utf-8
host: localhost:53330
accept: */*

Response DefaultHttpResponse(decodeResult: success, version: HTTP/1.1)
HTTP/1.1 200 OK
Content-Type: application/json; charset=utf-8
cache-control: no-cache
content-length: 176092

21:55:41.833 [AsyncHttpClient-1-2] DEBUG o.a.netty.channel.ChannelManager - Adding key: http://localhost:53330 for channel [id: 0xd446da2a, L:/127.0.0.1:64938 - R:localhost/127.0.0.1:53330]
21:55:41.840 [main] DEBUG n.s.core.photography.Darkroom - Send negative for processing for target\site\serenity\4ef885265cff42be2b4082d391236d237e7802ea2a16823108c1239b8aeaf0a6.png
21:55:41.840 [main] DEBUG n.t.core.steps.StepInterceptor - STEP DONE: {0} enters #theTextAsAString into #target
21:55:41.840 [Darkroom Processing Line] DEBUG n.s.c.p.DarkroomProcessingLine - Processing screenshot image in /var/screenshots/screenshot-4239389078779041341
21:55:41.840 [Darkroom Processing Line] DEBUG n.s.c.p.DarkroomProcessingLine - Saving screenshot to target\site\serenity\4ef885265cff42be2b4082d391236d237e7802ea2a16823108c1239b8aeaf0a6.png
21:55:41.846 [main] DEBUG n.t.core.steps.StepInterceptor - STEP DONE: !#title
  &amp#27;[32mWhen &amp#27;[0m&amp#27;[32mI search with &amp#27;[0m&amp#27;[32m&amp#27;[1m"keyword"&amp#27;[0m&amp#27;[32m in the home page&amp#27;[0m                     &amp#27;[90m# stepdefinitions.SearchStepDefinitions.iSearchWithInTheHomePage(java.lang.String)&amp#27;[0m
21:55:41.864 [main] DEBUG n.t.core.steps.StepInterceptor - STARTING STEP: SearchStepDefinitions.apiEndpointShouldBeCalledWith - invoke_my_webservice
21:55:41.870 [main] DEBUG n.t.core.steps.StepInterceptor - STEP DONE: invoke_my_webservice
21:55:41.887 [main] DEBUG n.t.core.steps.StepInterceptor - STARTING STEP: SearchStepDefinitions.apiEndpointShouldBeCalledWith - {0} executes a GET on the resource #resource
21:55:41.973 [AsyncHttpClient-1-1] DEBUG o.a.netty.channel.DefaultChannelPool - Entry count for : http://localhost:53330 : 1
21:55:41.973 [AsyncHttpClient-1-1] DEBUG o.a.netty.channel.DefaultChannelPool - Entry count for : http://localhost:64939 : 1
21:55:43.080 [AsyncHttpClient-1-1] DEBUG o.a.netty.channel.DefaultChannelPool - Entry count for : http://localhost:53330 : 1
21:55:43.083 [AsyncHttpClient-1-1] DEBUG o.a.netty.channel.DefaultChannelPool - Entry count for : http://localhost:64939 : 1
21:55:44.174 [AsyncHttpClient-1-1] DEBUG o.a.netty.channel.DefaultChannelPool - Entry count for : http://localhost:53330 : 1
21:55:44.174 [AsyncHttpClient-1-1] DEBUG o.a.netty.channel.DefaultChannelPool - Entry count for : http://localhost:64939 : 1
21:55:44.690 [main] DEBUG o.a.h.i.c.BasicClientConnectionManager - Get connection for route {}->http://automationpractice.com:80
21:55:44.701 [main] DEBUG o.a.h.i.c.DefaultClientConnectionOperator - Connecting to automationpractice.com:80
21:55:45.272 [AsyncHttpClient-1-1] DEBUG o.a.netty.channel.DefaultChannelPool - Entry count for : http://localhost:53330 : 1
21:55:45.272 [AsyncHttpClient-1-1] DEBUG o.a.netty.channel.DefaultChannelPool - Entry count for : http://localhost:64939 : 1
21:55:45.495 [main] DEBUG o.a.h.c.protocol.RequestAddCookies - CookieSpec selected: ignoreCookies
21:55:45.497 [main] DEBUG o.a.h.c.protocol.RequestAuthCache - Auth cache not set in the context
21:55:45.497 [main] DEBUG o.a.h.c.p.RequestTargetAuthentication - Target auth state: UNCHALLENGED
21:55:45.497 [main] DEBUG o.a.h.c.p.RequestProxyAuthentication - Proxy auth state: UNCHALLENGED
21:55:45.497 [main] DEBUG o.a.h.impl.client.DefaultHttpClient - Attempt 1 to execute request
21:55:45.497 [main] DEBUG o.a.h.i.conn.DefaultClientConnection - Sending request: GET /index.php?controller=search&q=test&limit=10&timestamp=1639907643890&ajaxSearch=1&id_lang=1 HTTP/1.1
21:55:45.497 [main] DEBUG org.apache.http.wire -  >> "GET /index.php?controller=search&q=test&limit=10&timestamp=1639907643890&ajaxSearch=1&id_lang=1 HTTP/1.1[\r][\n]"
21:55:45.498 [main] DEBUG org.apache.http.wire -  >> "Content-Type: application/json[\r][\n]"
21:55:45.498 [main] DEBUG org.apache.http.wire -  >> "Accept: */*[\r][\n]"
21:55:45.498 [main] DEBUG org.apache.http.wire -  >> "Host: automationpractice.com[\r][\n]"
21:55:45.498 [main] DEBUG org.apache.http.wire -  >> "Connection: Keep-Alive[\r][\n]"
21:55:45.498 [main] DEBUG org.apache.http.wire -  >> "User-Agent: Apache-HttpClient/4.5.13 (Java/11.0.13)[\r][\n]"
21:55:45.499 [main] DEBUG org.apache.http.wire -  >> "Accept-Encoding: gz?p,deflate[\r][\n]"
21:55:45.499 [main] DEBUG org.apache.http.wire -  >> "[\r][\n]"
21:55:45.499 [main] DEBUG org.apache.http.headers - >> GET /index.php?controller=search&q=test&limit=10&timestamp=1639907643890&ajaxSearch=1&id_lang=1 HTTP/1.1
21:55:45.499 [main] DEBUG org.apache.http.headers - >> Content-Type: application/json
21:55:45.499 [main] DEBUG org.apache.http.headers - >> Accept: */*
21:55:45.499 [main] DEBUG org.apache.http.headers - >> Host: automationpractice.com
21:55:45.499 [main] DEBUG org.apache.http.headers - >> Connection: Keep-Alive
21:55:45.499 [main] DEBUG org.apache.http.headers - >> User-Agent: Apache-HttpClient/4.5.13 (Java/11.0.13)
21:55:45.499 [main] DEBUG org.apache.http.headers - >> Accept-Encoding: gzıp,deflate
21:55:46.373 [AsyncHttpClient-1-1] DEBUG o.a.netty.channel.DefaultChannelPool - Entry count for : http://localhost:53330 : 1
21:55:46.373 [AsyncHttpClient-1-1] DEBUG o.a.netty.channel.DefaultChannelPool - Entry count for : http://localhost:64939 : 1
21:55:47.226 [main] DEBUG org.apache.http.wire -  << "HTTP/1.1 200 OK[\r][\n]"
21:55:47.227 [main] DEBUG org.apache.http.wire -  << "Date: Fri, 24 Dec 2021 18:55:46 GMT[\r][\n]"
21:55:47.227 [main] DEBUG org.apache.http.wire -  << "Server: Apache[\r][\n]"
21:55:47.227 [main] DEBUG org.apache.http.wire -  << "Set-Cookie: PrestaShop-a30a9934ef476d11b6cc3c983616e364=P1FCHJTjoM8QGn5c0vE0%2BuDa4uBfZD5qaAxiX9hbJ0pj9PKvbiYxJ2f2XJPIw9x6xpxCz2f90emK6GHMRAcIFrN1NDUG8CNSCeYEVI3d0l4%3D000075; expires=Thu, 13-Jan-2022 18:55:46 GMT; path=/; domain=automationpractice.com; httponly[\r][\n]"
21:55:47.227 [main] DEBUG org.apache.http.wire -  << "Upgrade: h2,h2c[\r][\n]"
21:55:47.227 [main] DEBUG org.apache.http.wire -  << "Connection: Upgrade, Keep-Alive[\r][\n]"
21:55:47.227 [main] DEBUG org.apache.http.wire -  << "Keep-Alive: timeout=3, max=100[\r][\n]"
21:55:47.227 [main] DEBUG org.apache.http.wire -  << "Transfer-Encoding: chunked[\r][\n]"
21:55:47.227 [main] DEBUG org.apache.http.wire -  << "Content-Type: text/html; charset=utf-8[\r][\n]"
21:55:47.227 [main] DEBUG org.apache.http.wire -  << "[\r][\n]"
21:55:47.228 [main] DEBUG o.a.h.i.conn.DefaultClientConnection - Receiving response: HTTP/1.1 200 OK
21:55:47.228 [main] DEBUG org.apache.http.headers - << HTTP/1.1 200 OK
21:55:47.228 [main] DEBUG org.apache.http.headers - << Date: Fri, 24 Dec 2021 18:55:46 GMT
21:55:47.228 [main] DEBUG org.apache.http.headers - << Server: Apache
21:55:47.228 [main] DEBUG org.apache.http.headers - << Set-Cookie: PrestaShop-a30a9934ef476d11b6cc3c983616e364=P1FCHJTjoM8QGn5c0vE0%2BuDa4uBfZD5qaAxiX9hbJ0pj9PKvbiYxJ2f2XJPIw9x6xpxCz2f90emK6GHMRAcIFrN1NDUG8CNSCeYEVI3d0l4%3D000075; expires=Thu, 13-Jan-2022 18:55:46 GMT; path=/; domain=automationpractice.com; httponly
21:55:47.228 [main] DEBUG org.apache.http.headers - << Upgrade: h2,h2c
21:55:47.228 [main] DEBUG org.apache.http.headers - << Connection: Upgrade, Keep-Alive
21:55:47.228 [main] DEBUG org.apache.http.headers - << Keep-Alive: timeout=3, max=100
21:55:47.228 [main] DEBUG org.apache.http.headers - << Transfer-Encoding: chunked
21:55:47.228 [main] DEBUG org.apache.http.headers - << Content-Type: text/html; charset=utf-8
21:55:47.232 [main] DEBUG o.a.h.impl.client.DefaultHttpClient - Connection can be kept alive for 3000 MILLISECONDS
21:55:47.250 [main] DEBUG i.r.i.RequestSpecificationImpl$RestAssuredHttpBuilder - Parsing response as: text/html; charset=utf-8
21:55:47.251 [main] DEBUG i.r.i.RequestSpecificationImpl$RestAssuredHttpBuilder - Parsed data to instance of: class org.apache.http.conn.EofSensorInputStream
21:55:47.325 [main] DEBUG org.apache.http.wire -  << "2[\r][\n]"
21:55:47.326 [main] DEBUG org.apache.http.wire -  << "[]"
21:55:47.329 [main] DEBUG org.apache.http.wire -  << "[\r][\n]"
21:55:47.329 [main] DEBUG org.apache.http.wire -  << "0[\r][\n]"
21:55:47.329 [main] DEBUG org.apache.http.wire -  << "[\r][\n]"
21:55:47.330 [main] DEBUG o.a.h.i.c.BasicClientConnectionManager - Releasing connection org.apache.http.impl.conn.ManagedClientConnectionImpl@308e465b
21:55:47.330 [main] DEBUG o.a.h.i.c.BasicClientConnectionManager - Connection can be kept alive for 3000 MILLISECONDS
21:55:47.480 [AsyncHttpClient-1-1] DEBUG o.a.netty.channel.DefaultChannelPool - Entry count for : http://localhost:53330 : 1
21:55:47.480 [AsyncHttpClient-1-1] DEBUG o.a.netty.channel.DefaultChannelPool - Entry count for : http://localhost:64939 : 1
21:55:47.533 [main] DEBUG n.t.core.steps.StepInterceptor - STEP DONE: {0} executes a GET on the resource #resource
  &amp#27;[32mThen &amp#27;[0m&amp#27;[32mapi endpoint should be called with &amp#27;[0m&amp#27;[32m&amp#27;[1m"keyword"&amp#27;[0m                 &amp#27;[90m# stepdefinitions.SearchStepDefinitions.apiEndpointShouldBeCalledWith(java.lang.String)&amp#27;[0m
21:55:47.538 [Forwarding screenshot on session 81d73997ffa149049593d49b22ad6f2f to remote] DEBUG o.a.netty.request.NettyRequestSender - Using pooled Channel '[id: 0xd446da2a, L:/127.0.0.1:64938 - R:localhost/127.0.0.1:53330]' for 'GET' to 'http://localhost:53330/session/81d73997ffa149049593d49b22ad6f2f/screenshot'
21:55:47.538 [Forwarding screenshot on session 81d73997ffa149049593d49b22ad6f2f to remote] DEBUG o.a.netty.request.NettyRequestSender - Using open Channel [id: 0xd446da2a, L:/127.0.0.1:64938 - R:localhost/127.0.0.1:53330] for GET '/session/81d73997ffa149049593d49b22ad6f2f/screenshot'
21:55:47.714 [AsyncHttpClient-1-2] DEBUG o.a.netty.handler.HttpHandler - 

Request DefaultFullHttpRequest(decodeResult: success, version: HTTP/1.1, content: EmptyByteBufBE)
GET /session/81d73997ffa149049593d49b22ad6f2f/screenshot HTTP/1.1
User-Agent: selenium/4.0.0 (java windows)
Cache-Control: no-cache
Content-Type: application/json; charset=utf-8
host: localhost:53330
accept: */*

Response DefaultHttpResponse(decodeResult: success, version: HTTP/1.1)
HTTP/1.1 200 OK
Content-Type: application/json; charset=utf-8
cache-control: no-cache
content-length: 176092

21:55:47.715 [AsyncHttpClient-1-2] DEBUG o.a.netty.channel.ChannelManager - Adding key: http://localhost:53330 for channel [id: 0xd446da2a, L:/127.0.0.1:64938 - R:localhost/127.0.0.1:53330]
21:55:47.722 [main] DEBUG n.s.core.photography.Darkroom - Send negative for processing for target\site\serenity\4ef885265cff42be2b4082d391236d237e7802ea2a16823108c1239b8aeaf0a6.png
21:55:47.817 [Forwarding screenshot on session 81d73997ffa149049593d49b22ad6f2f to remote] DEBUG o.a.netty.request.NettyRequestSender - Using pooled Channel '[id: 0xd446da2a, L:/127.0.0.1:64938 - R:localhost/127.0.0.1:53330]' for 'GET' to 'http://localhost:53330/session/81d73997ffa149049593d49b22ad6f2f/screenshot'
21:55:47.817 [Forwarding screenshot on session 81d73997ffa149049593d49b22ad6f2f to remote] DEBUG o.a.netty.request.NettyRequestSender - Using open Channel [id: 0xd446da2a, L:/127.0.0.1:64938 - R:localhost/127.0.0.1:53330] for GET '/session/81d73997ffa149049593d49b22ad6f2f/screenshot'
21:55:47.961 [AsyncHttpClient-1-2] DEBUG o.a.netty.handler.HttpHandler - 

Request DefaultFullHttpRequest(decodeResult: success, version: HTTP/1.1, content: EmptyByteBufBE)
GET /session/81d73997ffa149049593d49b22ad6f2f/screenshot HTTP/1.1
User-Agent: selenium/4.0.0 (java windows)
Cache-Control: no-cache
Content-Type: application/json; charset=utf-8
host: localhost:53330
accept: */*

Response DefaultHttpResponse(decodeResult: success, version: HTTP/1.1)
HTTP/1.1 200 OK
Content-Type: application/json; charset=utf-8
cache-control: no-cache
content-length: 176092

21:55:47.962 [AsyncHttpClient-1-2] DEBUG o.a.netty.channel.ChannelManager - Adding key: http://localhost:53330 for channel [id: 0xd446da2a, L:/127.0.0.1:64938 - R:localhost/127.0.0.1:53330]
21:55:47.968 [main] DEBUG n.s.core.photography.Darkroom - Send negative for processing for target\site\serenity\4ef885265cff42be2b4082d391236d237e7802ea2a16823108c1239b8aeaf0a6.png
21:55:48.019 [Forwarding screenshot on session 81d73997ffa149049593d49b22ad6f2f to remote] DEBUG o.a.netty.request.NettyRequestSender - Using pooled Channel '[id: 0xd446da2a, L:/127.0.0.1:64938 - R:localhost/127.0.0.1:53330]' for 'GET' to 'http://localhost:53330/session/81d73997ffa149049593d49b22ad6f2f/screenshot'
21:55:48.019 [Forwarding screenshot on session 81d73997ffa149049593d49b22ad6f2f to remote] DEBUG o.a.netty.request.NettyRequestSender - Using open Channel [id: 0xd446da2a, L:/127.0.0.1:64938 - R:localhost/127.0.0.1:53330] for GET '/session/81d73997ffa149049593d49b22ad6f2f/screenshot'
21:55:48.205 [AsyncHttpClient-1-2] DEBUG o.a.netty.handler.HttpHandler - 

Request DefaultFullHttpRequest(decodeResult: success, version: HTTP/1.1, content: EmptyByteBufBE)
GET /session/81d73997ffa149049593d49b22ad6f2f/screenshot HTTP/1.1
User-Agent: selenium/4.0.0 (java windows)
Cache-Control: no-cache
Content-Type: application/json; charset=utf-8
host: localhost:53330
accept: */*

Response DefaultHttpResponse(decodeResult: success, version: HTTP/1.1)
HTTP/1.1 200 OK
Content-Type: application/json; charset=utf-8
cache-control: no-cache
content-length: 176092

21:55:48.206 [AsyncHttpClient-1-2] DEBUG o.a.netty.channel.ChannelManager - Adding key: http://localhost:53330 for channel [id: 0xd446da2a, L:/127.0.0.1:64938 - R:localhost/127.0.0.1:53330]
21:55:48.230 [main] DEBUG n.s.core.photography.Darkroom - Send negative for processing for target\site\serenity\4ef885265cff42be2b4082d391236d237e7802ea2a16823108c1239b8aeaf0a6.png
  &amp#27;[32mWhen &amp#27;[0m&amp#27;[32mapi returned related results&amp#27;[0m                                 &amp#27;[90m# stepdefinitions.SearchStepDefinitions.apiReturnedRelatedResults()&amp#27;[0m
last response: 200
resultList: 0
21:55:48.466 [Forwarding screenshot on session 81d73997ffa149049593d49b22ad6f2f to remote] DEBUG o.a.netty.request.NettyRequestSender - Using pooled Channel '[id: 0xd446da2a, L:/127.0.0.1:64938 - R:localhost/127.0.0.1:53330]' for 'GET' to 'http://localhost:53330/session/81d73997ffa149049593d49b22ad6f2f/screenshot'
21:55:48.466 [Forwarding screenshot on session 81d73997ffa149049593d49b22ad6f2f to remote] DEBUG o.a.netty.request.NettyRequestSender - Using open Channel [id: 0xd446da2a, L:/127.0.0.1:64938 - R:localhost/127.0.0.1:53330] for GET '/session/81d73997ffa149049593d49b22ad6f2f/screenshot'
21:55:48.578 [AsyncHttpClient-1-1] DEBUG o.a.netty.channel.DefaultChannelPool - Entry count for : http://localhost:64939 : 1
21:55:48.648 [AsyncHttpClient-1-2] DEBUG o.a.netty.handler.HttpHandler - 

Request DefaultFullHttpRequest(decodeResult: success, version: HTTP/1.1, content: EmptyByteBufBE)
GET /session/81d73997ffa149049593d49b22ad6f2f/screenshot HTTP/1.1
User-Agent: selenium/4.0.0 (java windows)
Cache-Control: no-cache
Content-Type: application/json; charset=utf-8
host: localhost:53330
accept: */*

Response DefaultHttpResponse(decodeResult: success, version: HTTP/1.1)
HTTP/1.1 200 OK
Content-Type: application/json; charset=utf-8
cache-control: no-cache
content-length: 176092

21:55:48.650 [AsyncHttpClient-1-2] DEBUG o.a.netty.channel.ChannelManager - Adding key: http://localhost:53330 for channel [id: 0xd446da2a, L:/127.0.0.1:64938 - R:localhost/127.0.0.1:53330]
21:55:48.658 [main] DEBUG n.s.core.photography.Darkroom - Send negative for processing for target\site\serenity\4ef885265cff42be2b4082d391236d237e7802ea2a16823108c1239b8aeaf0a6.png
21:55:48.659 [main] DEBUG n.t.core.steps.StepInterceptor - STARTING STEP: SearchStepDefinitions.iShouldSeeRelatedResultsOnTheMainPage - {0} should see #description
21:55:48.663 [Forwarding findElement on session 81d73997ffa149049593d49b22ad6f2f to remote] DEBUG o.a.netty.request.NettyRequestSender - Using pooled Channel '[id: 0xd446da2a, L:/127.0.0.1:64938 - R:localhost/127.0.0.1:53330]' for 'POST' to 'http://localhost:53330/session/81d73997ffa149049593d49b22ad6f2f/element'
21:55:48.663 [Forwarding findElement on session 81d73997ffa149049593d49b22ad6f2f to remote] DEBUG o.a.netty.request.NettyRequestSender - Using open Channel [id: 0xd446da2a, L:/127.0.0.1:64938 - R:localhost/127.0.0.1:53330] for POST '/session/81d73997ffa149049593d49b22ad6f2f/element'
21:55:48.680 [AsyncHttpClient-1-2] DEBUG o.a.netty.handler.HttpHandler - 

Request DefaultHttpRequest(decodeResult: success, version: HTTP/1.1)
POST /session/81d73997ffa149049593d49b22ad6f2f/element HTTP/1.1
User-Agent: selenium/4.0.0 (java windows)
Content-Length: 60
Content-Type: application/json; charset=utf-8
host: localhost:53330
accept: */*

Response DefaultHttpResponse(decodeResult: success, version: HTTP/1.1)
HTTP/1.1 200 OK
Content-Type: application/json; charset=utf-8
cache-control: no-cache
content-length: 88

21:55:48.680 [AsyncHttpClient-1-2] DEBUG o.a.netty.channel.ChannelManager - Adding key: http://localhost:53330 for channel [id: 0xd446da2a, L:/127.0.0.1:64938 - R:localhost/127.0.0.1:53330]
21:55:48.682 [Forwarding getElementText on session 81d73997ffa149049593d49b22ad6f2f to remote] DEBUG o.a.netty.request.NettyRequestSender - Using pooled Channel '[id: 0xd446da2a, L:/127.0.0.1:64938 - R:localhost/127.0.0.1:53330]' for 'GET' to 'http://localhost:53330/session/81d73997ffa149049593d49b22ad6f2f/element/0d39c64c-1b15-446a-a9a8-0338b28de5f9/text'
21:55:48.682 [Forwarding getElementText on session 81d73997ffa149049593d49b22ad6f2f to remote] DEBUG o.a.netty.request.NettyRequestSender - Using open Channel [id: 0xd446da2a, L:/127.0.0.1:64938 - R:localhost/127.0.0.1:53330] for GET '/session/81d73997ffa149049593d49b22ad6f2f/element/0d39c64c-1b15-446a-a9a8-0338b28de5f9/text'
21:55:48.698 [AsyncHttpClient-1-2] DEBUG o.a.netty.handler.HttpHandler - 

Request DefaultFullHttpRequest(decodeResult: success, version: HTTP/1.1, content: EmptyByteBufBE)
GET /session/81d73997ffa149049593d49b22ad6f2f/element/0d39c64c-1b15-446a-a9a8-0338b28de5f9/text HTTP/1.1
User-Agent: selenium/4.0.0 (java windows)
Cache-Control: no-cache
Content-Type: application/json; charset=utf-8
host: localhost:53330
accept: */*

Response DefaultHttpResponse(decodeResult: success, version: HTTP/1.1)
HTTP/1.1 200 OK
Content-Type: application/json; charset=utf-8
cache-control: no-cache
content-length: 38

21:55:48.698 [AsyncHttpClient-1-2] DEBUG o.a.netty.channel.ChannelManager - Adding key: http://localhost:53330 for channel [id: 0xd446da2a, L:/127.0.0.1:64938 - R:localhost/127.0.0.1:53330]
21:55:48.728 [Forwarding screenshot on session 81d73997ffa149049593d49b22ad6f2f to remote] DEBUG o.a.netty.request.NettyRequestSender - Using pooled Channel '[id: 0xd446da2a, L:/127.0.0.1:64938 - R:localhost/127.0.0.1:53330]' for 'GET' to 'http://localhost:53330/session/81d73997ffa149049593d49b22ad6f2f/screenshot'
21:55:48.729 [Forwarding screenshot on session 81d73997ffa149049593d49b22ad6f2f to remote] DEBUG o.a.netty.request.NettyRequestSender - Using open Channel [id: 0xd446da2a, L:/127.0.0.1:64938 - R:localhost/127.0.0.1:53330] for GET '/session/81d73997ffa149049593d49b22ad6f2f/screenshot'
21:55:48.888 [AsyncHttpClient-1-2] DEBUG o.a.netty.handler.HttpHandler - 

Request DefaultFullHttpRequest(decodeResult: success, version: HTTP/1.1, content: EmptyByteBufBE)
GET /session/81d73997ffa149049593d49b22ad6f2f/screenshot HTTP/1.1
User-Agent: selenium/4.0.0 (java windows)
Cache-Control: no-cache
Content-Type: application/json; charset=utf-8
host: localhost:53330
accept: */*

Response DefaultHttpResponse(decodeResult: success, version: HTTP/1.1)
HTTP/1.1 200 OK
Content-Type: application/json; charset=utf-8
cache-control: no-cache
content-length: 176092

21:55:48.891 [AsyncHttpClient-1-2] DEBUG o.a.netty.channel.ChannelManager - Adding key: http://localhost:53330 for channel [id: 0xd446da2a, L:/127.0.0.1:64938 - R:localhost/127.0.0.1:53330]
21:55:48.897 [main] DEBUG n.s.core.photography.Darkroom - Send negative for processing for target\site\serenity\4ef885265cff42be2b4082d391236d237e7802ea2a16823108c1239b8aeaf0a6.png
21:55:48.898 [main] DEBUG n.t.core.steps.StepInterceptor - STEP DONE: {0} should see #description
  &amp#27;[32mThen &amp#27;[0m&amp#27;[32mI should see related results on the main page&amp#27;[0m                &amp#27;[90m# stepdefinitions.SearchStepDefinitions.iShouldSeeRelatedResultsOnTheMainPage()&amp#27;[0m
21:55:48.906 [main] INFO   - 
  _____   ___   ___   _____     ___     _     ___   ___   ___   ___  
 |_   _| | __| / __| |_   _|   | _ \   /_\   / __| / __| | __| |   \ 
   | |   | _|  \__ \   | |     |  _/  / _ \  \__ \ \__ \ | _|  | |) |
   |_|   |___| |___/   |_|     |_|   /_/ \_\ |___/ |___/ |___| |___/ 

ui and api testing scenario for Search with known keyword
----------------------------------------------------------------------
21:55:49.045 [Driver Command Executor] DEBUG o.a.netty.request.NettyRequestSender - Using pooled Channel '[id: 0xd446da2a, L:/127.0.0.1:64938 - R:localhost/127.0.0.1:53330]' for 'DELETE' to 'http://localhost:53330/session/81d73997ffa149049593d49b22ad6f2f'
21:55:49.045 [Driver Command Executor] DEBUG o.a.netty.request.NettyRequestSender - Using open Channel [id: 0xd446da2a, L:/127.0.0.1:64938 - R:localhost/127.0.0.1:53330] for DELETE '/session/81d73997ffa149049593d49b22ad6f2f'
21:55:49.047 [AsyncHttpClient-1-4] DEBUG o.a.netty.handler.WebSocketHandler - Channel Closed: [id: 0xcc8cf28e, L:/127.0.0.1:64947 ! R:localhost/127.0.0.1:64939] with attribute NettyResponseFuture{currentRetry=5,
	isDone=1,
	isCancelled=0,
	asyncHandler=org.asynchttpclient.ws.WebSocketUpgradeHandler@237b8e86,
	nettyRequest=org.asynchttpclient.netty.request.NettyRequest@6b9544c4,
	future=java.util.concurrent.CompletableFuture@3bc09ba9[Completed normally],
	uri=ws://localhost:64939/devtools/browser/e0d6f327-cf55-4041-8ad5-331c886f9f18,
	keepAlive=true,
	redirectCount=0,
	timeoutsHolder=null,
	inAuth=0,
	touch=1640372123863}
21:55:49.048 [AsyncHttpClient-1-4] DEBUG o.a.netty.channel.ChannelManager - Closing Channel [id: 0xcc8cf28e, L:/127.0.0.1:64947 ! R:localhost/127.0.0.1:64939] 
21:55:49.081 [AsyncHttpClient-1-3] DEBUG o.a.netty.handler.HttpHandler - Unexpected I/O exception on channel [id: 0x92a02560, L:/127.0.0.1:64946 - R:localhost/127.0.0.1:64939]
java.io.IOException: Varolan bir bağlantı uzaktaki bir ana bilgisayar tarafından zorla kapatıldı
	at java.base/sun.nio.ch.SocketDispatcher.read0(Native Method) ~[na:na]
	at java.base/sun.nio.ch.SocketDispatcher.read(SocketDispatcher.java:43) ~[na:na]
	at java.base/sun.nio.ch.IOUtil.readIntoNativeBuffer(IOUtil.java:276) ~[na:na]
	at java.base/sun.nio.ch.IOUtil.read(IOUtil.java:233) ~[na:na]
	at java.base/sun.nio.ch.IOUtil.read(IOUtil.java:223) ~[na:na]
	at java.base/sun.nio.ch.SocketChannelImpl.read(SocketChannelImpl.java:356) ~[na:na]
	at io.netty.buffer.PooledByteBuf.setBytes(PooledByteBuf.java:253) ~[netty-buffer-4.1.68.Final.jar:4.1.68.Final]
	at io.netty.buffer.AbstractByteBuf.writeBytes(AbstractByteBuf.java:1132) ~[netty-buffer-4.1.68.Final.jar:4.1.68.Final]
	at io.netty.channel.socket.nio.NioSocketChannel.doReadBytes(NioSocketChannel.java:350) ~[netty-transport-4.1.68.Final.jar:4.1.68.Final]
	at io.netty.channel.nio.AbstractNioByteChannel$NioByteUnsafe.read(AbstractNioByteChannel.java:151) ~[netty-transport-4.1.68.Final.jar:4.1.68.Final]
	at io.netty.channel.nio.NioEventLoop.processSelectedKey(NioEventLoop.java:719) ~[netty-transport-4.1.68.Final.jar:4.1.68.Final]
	at io.netty.channel.nio.NioEventLoop.processSelectedKeysOptimized(NioEventLoop.java:655) ~[netty-transport-4.1.68.Final.jar:4.1.68.Final]
	at io.netty.channel.nio.NioEventLoop.processSelectedKeys(NioEventLoop.java:581) ~[netty-transport-4.1.68.Final.jar:4.1.68.Final]
	at io.netty.channel.nio.NioEventLoop.run(NioEventLoop.java:493) ~[netty-transport-4.1.68.Final.jar:4.1.68.Final]
	at io.netty.util.concurrent.SingleThreadEventExecutor$4.run(SingleThreadEventExecutor.java:986) ~[netty-common-4.1.68.Final.jar:4.1.68.Final]
	at io.netty.util.internal.ThreadExecutorMap$2.run(ThreadExecutorMap.java:74) ~[netty-common-4.1.68.Final.jar:4.1.68.Final]
	at io.netty.util.concurrent.FastThreadLocalRunnable.run(FastThreadLocalRunnable.java:30) ~[netty-common-4.1.68.Final.jar:4.1.68.Final]
	at java.base/java.lang.Thread.run(Thread.java:829) ~[na:na]
21:55:49.084 [AsyncHttpClient-1-3] DEBUG o.a.netty.channel.ChannelManager - Closing Channel [id: 0x92a02560, L:/127.0.0.1:64946 - R:localhost/127.0.0.1:64939] 
21:55:49.086 [AsyncHttpClient-1-3] DEBUG o.a.netty.handler.HttpHandler - Channel Closed: [id: 0x92a02560, L:/127.0.0.1:64946 ! R:localhost/127.0.0.1:64939] with attribute DISCARD
21:55:49.093 [AsyncHttpClient-1-2] DEBUG o.a.netty.handler.HttpHandler - 

Request DefaultFullHttpRequest(decodeResult: success, version: HTTP/1.1, content: EmptyByteBufBE)
DELETE /session/81d73997ffa149049593d49b22ad6f2f HTTP/1.1
User-Agent: selenium/4.0.0 (java windows)
Content-Type: application/json; charset=utf-8
host: localhost:53330
accept: */*

Response DefaultHttpResponse(decodeResult: success, version: HTTP/1.1)
HTTP/1.1 200 OK
Content-Type: application/json; charset=utf-8
cache-control: no-cache
content-length: 14

21:55:49.094 [AsyncHttpClient-1-2] DEBUG o.a.netty.channel.ChannelManager - Adding key: http://localhost:53330 for channel [id: 0xd446da2a, L:/127.0.0.1:64938 - R:localhost/127.0.0.1:53330]
21:55:49.158 [AsyncHttpClient-1-2] DEBUG o.a.netty.handler.HttpHandler - Channel Closed: [id: 0xd446da2a, L:/127.0.0.1:64938 ! R:localhost/127.0.0.1:53330] with attribute DISCARD
21:55:49.676 [AsyncHttpClient-1-1] DEBUG o.a.netty.channel.DefaultChannelPool - Entry count for : http://localhost:53330 : 1
21:55:49.676 [AsyncHttpClient-1-1] DEBUG o.a.netty.channel.DefaultChannelPool - Entry count for : http://localhost:64939 : 1
21:55:49.676 [AsyncHttpClient-1-1] DEBUG o.a.netty.channel.DefaultChannelPool - Adding Candidate expired Channel [id: 0xd446da2a, L:/127.0.0.1:64938 ! R:localhost/127.0.0.1:53330] isIdleTimeoutExpired=false isRemotelyClosed=true isTtlExpired=false
21:55:49.676 [AsyncHttpClient-1-1] DEBUG o.a.netty.channel.DefaultChannelPool - Closing Idle Channel [id: 0xd446da2a, L:/127.0.0.1:64938 ! R:localhost/127.0.0.1:53330]
21:55:49.676 [AsyncHttpClient-1-1] DEBUG o.a.netty.channel.DefaultChannelPool - Adding Candidate expired Channel [id: 0x92a02560, L:/127.0.0.1:64946 ! R:localhost/127.0.0.1:64939] isIdleTimeoutExpired=false isRemotelyClosed=true isTtlExpired=false
21:55:49.676 [AsyncHttpClient-1-1] DEBUG o.a.netty.channel.DefaultChannelPool - Closing Idle Channel [id: 0x92a02560, L:/127.0.0.1:64946 ! R:localhost/127.0.0.1:64939]
21:55:49.677 [AsyncHttpClient-1-1] DEBUG o.a.netty.channel.DefaultChannelPool - Closed 2 connections out of 2 in 1 ms
]]></system-out>
    <system-err><![CDATA[SLF4J: Class path contains multiple SLF4J bindings.
SLF4J: Found binding in [jar:file:/C:/Users/kemal/.m2/repository/ch/qos/logback/logback-classic/1.0.13/logback-classic-1.0.13.jar!/org/slf4j/impl/StaticLoggerBinder.class]
SLF4J: Found binding in [jar:file:/C:/Users/kemal/.m2/repository/org/slf4j/slf4j-simple/1.7.32/slf4j-simple-1.7.32.jar!/org/slf4j/impl/StaticLoggerBinder.class]
SLF4J: See http://www.slf4j.org/codes.html#multiple_bindings for an explanation.
SLF4J: Actual binding is of type [ch.qos.logback.classic.util.ContextSelectorStaticBinder]
Starting ChromeDriver 96.0.4664.45 (76e4c1bb2ab4671b8beba3444e61c0f17584b2fc-refs/branch-heads/4664@{#947}) on port 53330
Only local connections are allowed.
Please see https://chromedriver.chromium.org/security-considerations for suggestions on keeping ChromeDriver safe.
ChromeDriver was started successfully.
Ara 24, 2021 9:55:23 ÖS org.openqa.selenium.remote.ProtocolHandshake createSession
INFO: Detected dialect: W3C
Ara 24, 2021 9:55:23 ÖS org.openqa.selenium.devtools.CdpVersionFinder findNearestMatch
WARNING: Unable to find an exact match for CDP version 96, so returning the closest version found: 95
Ara 24, 2021 9:55:23 ÖS org.openqa.selenium.devtools.CdpVersionFinder findNearestMatch
INFO: Found CDP implementation for version 96 of 95
]]></system-err>
  </testcase>
</testsuite>